<?xml version="1.0" encoding="utf-8"?>
<!DOCTYPE coverage SYSTEM "http://cobertura.sourceforge.net/xml/coverage-04.dtd">
<coverage line-rate="0.878048780487805" branch-rate="1" lines-covered="252" lines-valid="287" branches-covered="0" branches-valid="0" complexity="76" version="0" timestamp="1703722761">
  <sources />
  <packages>
    <package name="touristcompanytest.dll" line-rate="0.878048780487805" branch-rate="1" complexity="76">
      <classes>
        <class name="" filename="D:\Microsoft\Microsoft Visual Studio\2022\Community\VC\Tools\MSVC\14.33.31629\include\vcruntime_new.h" line-rate="1" branch-rate="1" complexity="1">
          <methods>
            <method name="operator new" signature="" line-rate="1" branch-rate="1" complexity="1">
              <lines />
            </method>
          </methods>
          <lines />
        </class>
        <class name=".BookingSystem" filename="D:\Microsoft\proj\TouristCompany\TouristCompany\BookingSystem.cpp" line-rate="1" branch-rate="1" complexity="3">
          <methods>
            <method name="RemoveTour" signature="" line-rate="1" branch-rate="1" complexity="1">
              <lines />
            </method>
            <method name="AddTour" signature="" line-rate="1" branch-rate="1" complexity="1">
              <lines />
            </method>
            <method name="GetTour" signature="" line-rate="1" branch-rate="1" complexity="1">
              <lines />
            </method>
          </methods>
          <lines />
        </class>
        <class name=".Car" filename="D:\Microsoft\proj\TouristCompany\TouristCompany\Car.cpp" line-rate="1" branch-rate="1" complexity="6">
          <methods>
            <method name="GetYear" signature="" line-rate="1" branch-rate="1" complexity="1">
              <lines />
            </method>
            <method name="GetEngineSize" signature="" line-rate="1" branch-rate="1" complexity="1">
              <lines />
            </method>
            <method name="GetEnginePower" signature="" line-rate="1" branch-rate="1" complexity="1">
              <lines />
            </method>
            <method name="GetBrand" signature="" line-rate="1" branch-rate="1" complexity="1">
              <lines />
            </method>
            <method name="Car" signature="" line-rate="1" branch-rate="1" complexity="1">
              <lines />
            </method>
            <method name="GetModel" signature="" line-rate="1" branch-rate="1" complexity="1">
              <lines />
            </method>
          </methods>
          <lines />
        </class>
        <class name=".PromotionManager" filename="D:\Microsoft\proj\TouristCompany\TouristCompany\PromotionManager.cpp" line-rate="1" branch-rate="1" complexity="7">
          <methods>
            <method name="ChangeName" signature="" line-rate="1" branch-rate="1" complexity="1">
              <lines />
            </method>
            <method name="GetContactNumber" signature="" line-rate="1" branch-rate="1" complexity="1">
              <lines />
            </method>
            <method name="GetName" signature="" line-rate="1" branch-rate="1" complexity="1">
              <lines />
            </method>
            <method name="ChangeContactNumber" signature="" line-rate="1" branch-rate="1" complexity="1">
              <lines />
            </method>
            <method name="IncrementAge" signature="" line-rate="1" branch-rate="1" complexity="1">
              <lines />
            </method>
            <method name="PromotionManager" signature="" line-rate="1" branch-rate="1" complexity="1">
              <lines />
            </method>
            <method name="GetAge" signature="" line-rate="1" branch-rate="1" complexity="1">
              <lines />
            </method>
          </methods>
          <lines />
        </class>
        <class name=".ReviewSystem" filename="D:\Microsoft\proj\TouristCompany\TouristCompany\ReviewSystem.cpp" line-rate="1" branch-rate="1" complexity="2">
          <methods>
            <method name="AddRating" signature="" line-rate="1" branch-rate="1" complexity="1">
              <lines />
            </method>
            <method name="GetAverageRating" signature="" line-rate="1" branch-rate="1" complexity="1">
              <lines />
            </method>
          </methods>
          <lines />
        </class>
        <class name=".Tour" filename="D:\Microsoft\proj\TouristCompany\TouristCompany\Tour.cpp" line-rate="1" branch-rate="1" complexity="3">
          <methods>
            <method name="GetPlace" signature="" line-rate="1" branch-rate="1" complexity="1">
              <lines />
            </method>
            <method name="GetDate" signature="" line-rate="1" branch-rate="1" complexity="1">
              <lines />
            </method>
            <method name="Tour" signature="" line-rate="1" branch-rate="1" complexity="1">
              <lines />
            </method>
          </methods>
          <lines />
        </class>
        <class name=".TourGuide" filename="D:\Microsoft\proj\TouristCompany\TouristCompany\TourGuide.cpp" line-rate="1" branch-rate="1" complexity="5">
          <methods>
            <method name="ChangeName" signature="" line-rate="1" branch-rate="1" complexity="1">
              <lines />
            </method>
            <method name="IncrementAge" signature="" line-rate="1" branch-rate="1" complexity="1">
              <lines />
            </method>
            <method name="TourGuide" signature="" line-rate="1" branch-rate="1" complexity="1">
              <lines />
            </method>
            <method name="GetName" signature="" line-rate="1" branch-rate="1" complexity="1">
              <lines />
            </method>
            <method name="GetAge" signature="" line-rate="1" branch-rate="1" complexity="1">
              <lines />
            </method>
          </methods>
          <lines />
        </class>
        <class name=".Tourist" filename="D:\Microsoft\proj\TouristCompany\TouristCompany\Tourist.cpp" line-rate="1" branch-rate="1" complexity="6">
          <methods>
            <method name="IncrementAge" signature="" line-rate="1" branch-rate="1" complexity="1">
              <lines />
            </method>
            <method name="GetName" signature="" line-rate="1" branch-rate="1" complexity="1">
              <lines />
            </method>
            <method name="GetPhoneNumber" signature="" line-rate="1" branch-rate="1" complexity="1">
              <lines />
            </method>
            <method name="ChangePhoneNumber" signature="" line-rate="1" branch-rate="1" complexity="1">
              <lines />
            </method>
            <method name="GetAge" signature="" line-rate="1" branch-rate="1" complexity="1">
              <lines />
            </method>
            <method name="Tourist" signature="" line-rate="1" branch-rate="1" complexity="1">
              <lines />
            </method>
          </methods>
          <lines />
        </class>
        <class name=".TouristCompany" filename="D:\Microsoft\proj\TouristCompany\TouristCompany\TouristCompany.cpp" line-rate="1" branch-rate="1" complexity="23">
          <methods>
            <method name="ChangeCurrentStatus" signature="" line-rate="1" branch-rate="1" complexity="1">
              <lines />
            </method>
            <method name="GetCarByPower" signature="" line-rate="1" branch-rate="1" complexity="1">
              <lines />
            </method>
            <method name="GetTour" signature="" line-rate="1" branch-rate="1" complexity="1">
              <lines />
            </method>
            <method name="GetManagerAge" signature="" line-rate="1" branch-rate="1" complexity="1">
              <lines />
            </method>
            <method name="GetCarByModel" signature="" line-rate="1" branch-rate="1" complexity="1">
              <lines />
            </method>
            <method name="AddTour" signature="" line-rate="1" branch-rate="1" complexity="1">
              <lines />
            </method>
            <method name="AddCar" signature="" line-rate="1" branch-rate="1" complexity="1">
              <lines />
            </method>
            <method name="GetManagerName" signature="" line-rate="1" branch-rate="1" complexity="1">
              <lines />
            </method>
            <method name="GetManagerPhoneNumber" signature="" line-rate="1" branch-rate="1" complexity="1">
              <lines />
            </method>
            <method name="AddTourist" signature="" line-rate="1" branch-rate="1" complexity="1">
              <lines />
            </method>
            <method name="GetTourist" signature="" line-rate="1" branch-rate="1" complexity="1">
              <lines />
            </method>
            <method name="ChangeManagerPhoneNumber" signature="" line-rate="1" branch-rate="1" complexity="1">
              <lines />
            </method>
            <method name="GetTourGuide" signature="" line-rate="1" branch-rate="1" complexity="1">
              <lines />
            </method>
            <method name="GetCurrentStatus" signature="" line-rate="1" branch-rate="1" complexity="1">
              <lines />
            </method>
            <method name="AddPromotionManger" signature="" line-rate="1" branch-rate="1" complexity="1">
              <lines />
            </method>
            <method name="ChangeManagerName" signature="" line-rate="1" branch-rate="1" complexity="1">
              <lines />
            </method>
            <method name="GetAvgRevies" signature="" line-rate="1" branch-rate="1" complexity="1">
              <lines />
            </method>
            <method name="AddTourGuide" signature="" line-rate="1" branch-rate="1" complexity="1">
              <lines />
            </method>
            <method name="AddReview" signature="" line-rate="1" branch-rate="1" complexity="1">
              <lines />
            </method>
            <method name="TouristCompany" signature="" line-rate="1" branch-rate="1" complexity="1">
              <lines />
            </method>
            <method name="GetTemperature" signature="" line-rate="1" branch-rate="1" complexity="1">
              <lines />
            </method>
            <method name="ChangeTemperature" signature="" line-rate="1" branch-rate="1" complexity="1">
              <lines />
            </method>
            <method name="RemoveTour" signature="" line-rate="1" branch-rate="1" complexity="1">
              <lines />
            </method>
          </methods>
          <lines />
        </class>
        <class name=".TransportationSystem" filename="D:\Microsoft\proj\TouristCompany\TouristCompany\TransportationSystem.cpp" line-rate="1" branch-rate="1" complexity="3">
          <methods>
            <method name="GetCarByModel" signature="" line-rate="1" branch-rate="1" complexity="1">
              <lines />
            </method>
            <method name="GetCarByPower" signature="" line-rate="1" branch-rate="1" complexity="1">
              <lines />
            </method>
            <method name="AddCar" signature="" line-rate="1" branch-rate="1" complexity="1">
              <lines />
            </method>
          </methods>
          <lines />
        </class>
        <class name=".WeatherSystem" filename="D:\Microsoft\proj\TouristCompany\TouristCompany\WeatherSystem.cpp" line-rate="1" branch-rate="1" complexity="5">
          <methods>
            <method name="ChangeCurrentStatus" signature="" line-rate="1" branch-rate="1" complexity="1">
              <lines />
            </method>
            <method name="WeatherSystem" signature="" line-rate="1" branch-rate="1" complexity="1">
              <lines />
            </method>
            <method name="GetCurrentStatus" signature="" line-rate="1" branch-rate="1" complexity="1">
              <lines />
            </method>
            <method name="ChangeTemperature" signature="" line-rate="1" branch-rate="1" complexity="1">
              <lines />
            </method>
            <method name="GetTemperature" signature="" line-rate="1" branch-rate="1" complexity="1">
              <lines />
            </method>
          </methods>
          <lines />
        </class>
        <class name="TouristCompanyTets.TouristCompanyTets" filename="D:\PPOIS\LABA_2\TouristCompany\TouristCompany\TouristCompanyTets\TouristCompanyTets.cpp" line-rate="1" branch-rate="1" complexity="12">
          <methods>
            <method name="TestMethod12" signature="" line-rate="1" branch-rate="1" complexity="1">
              <lines>
                <line number="100" hits="1" branch="false" />
                <line number="101" hits="1" branch="false" />
                <line number="102" hits="1" branch="false" />
                <line number="103" hits="1" branch="false" />
                <line number="105" hits="1" branch="false" />
                <line number="107" hits="1" branch="false" />
                <line number="108" hits="1" branch="false" />
              </lines>
            </method>
            <method name="TestMethod8" signature="" line-rate="1" branch-rate="1" complexity="1">
              <lines>
                <line number="67" hits="1" branch="false" />
                <line number="68" hits="1" branch="false" />
                <line number="69" hits="1" branch="false" />
                <line number="70" hits="1" branch="false" />
                <line number="71" hits="1" branch="false" />
                <line number="72" hits="1" branch="false" />
              </lines>
            </method>
            <method name="TestMethod9" signature="" line-rate="1" branch-rate="1" complexity="1">
              <lines>
                <line number="74" hits="1" branch="false" />
                <line number="75" hits="1" branch="false" />
                <line number="76" hits="1" branch="false" />
                <line number="77" hits="1" branch="false" />
                <line number="78" hits="1" branch="false" />
                <line number="79" hits="1" branch="false" />
              </lines>
            </method>
            <method name="TestMethod2" signature="" line-rate="1" branch-rate="1" complexity="1">
              <lines>
                <line number="20" hits="1" branch="false" />
                <line number="21" hits="1" branch="false" />
                <line number="22" hits="1" branch="false" />
                <line number="23" hits="1" branch="false" />
                <line number="24" hits="1" branch="false" />
                <line number="25" hits="1" branch="false" />
                <line number="26" hits="1" branch="false" />
              </lines>
            </method>
            <method name="TestMethod3" signature="" line-rate="1" branch-rate="1" complexity="1">
              <lines>
                <line number="28" hits="1" branch="false" />
                <line number="29" hits="1" branch="false" />
                <line number="30" hits="1" branch="false" />
                <line number="31" hits="1" branch="false" />
                <line number="32" hits="1" branch="false" />
                <line number="33" hits="1" branch="false" />
              </lines>
            </method>
            <method name="TestMethod1" signature="" line-rate="1" branch-rate="1" complexity="1">
              <lines>
                <line number="14" hits="1" branch="false" />
                <line number="15" hits="1" branch="false" />
                <line number="16" hits="1" branch="false" />
                <line number="17" hits="1" branch="false" />
                <line number="18" hits="1" branch="false" />
              </lines>
            </method>
            <method name="TestMethod6" signature="" line-rate="1" branch-rate="1" complexity="1">
              <lines>
                <line number="51" hits="1" branch="false" />
                <line number="52" hits="1" branch="false" />
                <line number="53" hits="1" branch="false" />
                <line number="54" hits="1" branch="false" />
                <line number="55" hits="1" branch="false" />
                <line number="56" hits="1" branch="false" />
                <line number="57" hits="1" branch="false" />
              </lines>
            </method>
            <method name="TestMethod7" signature="" line-rate="1" branch-rate="1" complexity="1">
              <lines>
                <line number="59" hits="1" branch="false" />
                <line number="60" hits="1" branch="false" />
                <line number="61" hits="1" branch="false" />
                <line number="62" hits="1" branch="false" />
                <line number="63" hits="1" branch="false" />
                <line number="64" hits="1" branch="false" />
                <line number="65" hits="1" branch="false" />
              </lines>
            </method>
            <method name="TestMethod4" signature="" line-rate="1" branch-rate="1" complexity="1">
              <lines>
                <line number="35" hits="1" branch="false" />
                <line number="36" hits="1" branch="false" />
                <line number="37" hits="1" branch="false" />
                <line number="38" hits="1" branch="false" />
                <line number="39" hits="1" branch="false" />
                <line number="40" hits="1" branch="false" />
                <line number="41" hits="1" branch="false" />
              </lines>
            </method>
            <method name="TestMethod5" signature="" line-rate="1" branch-rate="1" complexity="1">
              <lines>
                <line number="43" hits="1" branch="false" />
                <line number="44" hits="1" branch="false" />
                <line number="45" hits="1" branch="false" />
                <line number="46" hits="1" branch="false" />
                <line number="47" hits="1" branch="false" />
                <line number="48" hits="1" branch="false" />
                <line number="49" hits="1" branch="false" />
              </lines>
            </method>
            <method name="TestMethod10" signature="" line-rate="1" branch-rate="1" complexity="1">
              <lines>
                <line number="81" hits="1" branch="false" />
                <line number="82" hits="1" branch="false" />
                <line number="83" hits="1" branch="false" />
                <line number="84" hits="1" branch="false" />
                <line number="85" hits="1" branch="false" />
                <line number="87" hits="1" branch="false" />
                <line number="88" hits="1" branch="false" />
              </lines>
            </method>
            <method name="TestMethod11" signature="" line-rate="1" branch-rate="1" complexity="1">
              <lines>
                <line number="90" hits="1" branch="false" />
                <line number="91" hits="1" branch="false" />
                <line number="92" hits="1" branch="false" />
                <line number="93" hits="1" branch="false" />
                <line number="95" hits="1" branch="false" />
                <line number="97" hits="1" branch="false" />
                <line number="98" hits="1" branch="false" />
              </lines>
            </method>
          </methods>
          <lines>
            <line number="14" hits="1" branch="false" />
            <line number="15" hits="1" branch="false" />
            <line number="16" hits="1" branch="false" />
            <line number="17" hits="1" branch="false" />
            <line number="18" hits="1" branch="false" />
            <line number="20" hits="1" branch="false" />
            <line number="21" hits="1" branch="false" />
            <line number="22" hits="1" branch="false" />
            <line number="23" hits="1" branch="false" />
            <line number="24" hits="1" branch="false" />
            <line number="25" hits="1" branch="false" />
            <line number="26" hits="1" branch="false" />
            <line number="28" hits="1" branch="false" />
            <line number="29" hits="1" branch="false" />
            <line number="30" hits="1" branch="false" />
            <line number="31" hits="1" branch="false" />
            <line number="32" hits="1" branch="false" />
            <line number="33" hits="1" branch="false" />
            <line number="35" hits="1" branch="false" />
            <line number="36" hits="1" branch="false" />
            <line number="37" hits="1" branch="false" />
            <line number="38" hits="1" branch="false" />
            <line number="39" hits="1" branch="false" />
            <line number="40" hits="1" branch="false" />
            <line number="41" hits="1" branch="false" />
            <line number="43" hits="1" branch="false" />
            <line number="44" hits="1" branch="false" />
            <line number="45" hits="1" branch="false" />
            <line number="46" hits="1" branch="false" />
            <line number="47" hits="1" branch="false" />
            <line number="48" hits="1" branch="false" />
            <line number="49" hits="1" branch="false" />
            <line number="51" hits="1" branch="false" />
            <line number="52" hits="1" branch="false" />
            <line number="53" hits="1" branch="false" />
            <line number="54" hits="1" branch="false" />
            <line number="55" hits="1" branch="false" />
            <line number="56" hits="1" branch="false" />
            <line number="57" hits="1" branch="false" />
            <line number="59" hits="1" branch="false" />
            <line number="60" hits="1" branch="false" />
            <line number="61" hits="1" branch="false" />
            <line number="62" hits="1" branch="false" />
            <line number="63" hits="1" branch="false" />
            <line number="64" hits="1" branch="false" />
            <line number="65" hits="1" branch="false" />
            <line number="67" hits="1" branch="false" />
            <line number="68" hits="1" branch="false" />
            <line number="69" hits="1" branch="false" />
            <line number="70" hits="1" branch="false" />
            <line number="71" hits="1" branch="false" />
            <line number="72" hits="1" branch="false" />
            <line number="74" hits="1" branch="false" />
            <line number="75" hits="1" branch="false" />
            <line number="76" hits="1" branch="false" />
            <line number="77" hits="1" branch="false" />
            <line number="78" hits="1" branch="false" />
            <line number="79" hits="1" branch="false" />
            <line number="81" hits="1" branch="false" />
            <line number="82" hits="1" branch="false" />
            <line number="83" hits="1" branch="false" />
            <line number="84" hits="1" branch="false" />
            <line number="85" hits="1" branch="false" />
            <line number="87" hits="1" branch="false" />
            <line number="88" hits="1" branch="false" />
            <line number="90" hits="1" branch="false" />
            <line number="91" hits="1" branch="false" />
            <line number="92" hits="1" branch="false" />
            <line number="93" hits="1" branch="false" />
            <line number="95" hits="1" branch="false" />
            <line number="97" hits="1" branch="false" />
            <line number="98" hits="1" branch="false" />
            <line number="100" hits="1" branch="false" />
            <line number="101" hits="1" branch="false" />
            <line number="102" hits="1" branch="false" />
            <line number="103" hits="1" branch="false" />
            <line number="105" hits="1" branch="false" />
            <line number="107" hits="1" branch="false" />
            <line number="108" hits="1" branch="false" />
          </lines>
        </class>
      </classes>
    </package>
  </packages>
</coverage>